<?xml version="1.0" encoding="UTF-8"?>
<Site BuildName="(empty)"
	BuildStamp="20240806-0632-Experimental"
	Name="karanb7647"
	Generator="ctest-3.22.1"
	CompilerName="/usr/bin/c++"
	CompilerVersion="11.4.0"
	OSName="Linux"
	Hostname="karanb7647"
	OSRelease="6.5.0-45-generic"
	OSVersion="#45~22.04.1-Ubuntu SMP PREEMPT_DYNAMIC Mon Jul 15 16:40:02 UTC 2"
	OSPlatform="x86_64"
	Is64Bits="1"
	VendorString="GenuineIntel"
	VendorID="Intel Corporation"
	FamilyID="6"
	ModelID="140"
	ProcessorCacheSize="8192"
	NumberOfLogicalCPU="8"
	NumberOfPhysicalCPU="4"
	TotalVirtualMemory="2047"
	TotalPhysicalMemory="7672"
	LogicalProcessorsPerPhysical="2"
	ProcessorClockFrequency="719.125"
	>
	<Testing>
		<StartDateTime>Aug 06 12:10 IST</StartDateTime>
		<StartTestTime>1722926405</StartTestTime>
		<TestList/>
		<EndDateTime>Aug 06 12:10 IST</EndDateTime>
		<EndTestTime>1722926405</EndTestTime>
		<ElapsedMinutes>0</ElapsedMinutes>
	</Testing>
</Site>
